2016-12-26 12:19:08,339 -0    [main] INFO  org.springframework.context.support.FileSystemXmlApplicationContext  - Refreshing org.springframework.context.support.FileSystemXmlApplicationContext@c39f790: startup date [Mon Dec 26 12:19:08 CST 2016]; root of context hierarchy
2016-12-26 12:19:08,567 -228  [main] INFO  org.springframework.beans.factory.xml.XmlBeanDefinitionReader  - Loading XML bean definitions from file [/Users/gauge/T2_17/V/src/com.alaya35.acv/practiceTinydallab/target/classes/dal.beans.xml]
2016-12-26 12:19:09,071 -732  [main] INFO  org.springframework.beans.factory.support.DefaultListableBeanFactory  - Pre-instantiating singletons in org.springframework.beans.factory.support.DefaultListableBeanFactory@3ffc5af1: defining beans [dataSource,dataSourceTransactionManager,transactionTemplate,jdbcTemplate,sessionFactory,hibernateCustomDao,sqlMapClient,ibatisCustomDao,entityManagerFactory,jpaCustomDaoTarget,jpaCustomDao,transactionManager,dslSession,tinyDslCustomDao,dslCustomDao]; root of factory hierarchy
2016-12-26 12:19:09,537 -1198 [main] INFO  org.hibernate.cfg.Environment  - Hibernate 3.3.1.GA
2016-12-26 12:19:09,540 -1201 [main] INFO  org.hibernate.cfg.Environment  - hibernate.properties not found
2016-12-26 12:19:09,543 -1204 [main] INFO  org.hibernate.cfg.Environment  - Bytecode provider name : javassist
2016-12-26 12:19:09,546 -1207 [main] INFO  org.hibernate.cfg.Environment  - using JDK 1.4 java.sql.Timestamp handling
2016-12-26 12:19:09,706 -1367 [main] INFO  org.hibernate.cfg.HbmBinder  - Mapping class: custom -> custom
2016-12-26 12:19:09,718 -1379 [main] INFO  org.springframework.orm.hibernate3.LocalSessionFactoryBean  - Building new Hibernate SessionFactory
2016-12-26 12:19:09,769 -1430 [main] INFO  org.hibernate.connection.ConnectionProviderFactory  - Initializing connection provider: org.springframework.orm.hibernate3.LocalDataSourceConnectionProvider
2016-12-26 12:19:09,770 -1431 [main] INFO  org.hibernate.cfg.SettingsFactory  - RDBMS: MySQL, version: 5.7.16
2016-12-26 12:19:09,770 -1431 [main] INFO  org.hibernate.cfg.SettingsFactory  - JDBC driver: MySQL Connector Java, version: mysql-connector-java-5.1.33 ( Revision: alexander.soklakov@oracle.com-20140908134200-8ukofe1izi0r2b63 )
2016-12-26 12:19:09,783 -1444 [main] INFO  org.hibernate.dialect.Dialect  - Using dialect: org.hibernate.dialect.MySQLDialect
2016-12-26 12:19:09,785 -1446 [main] INFO  org.hibernate.transaction.TransactionFactoryFactory  - Transaction strategy: org.springframework.orm.hibernate3.SpringTransactionFactory
2016-12-26 12:19:09,786 -1447 [main] INFO  org.hibernate.transaction.TransactionManagerLookupFactory  - No TransactionManagerLookup configured (in JTA environment, use of read-write or transactional second-level cache is not recommended)
2016-12-26 12:19:09,786 -1447 [main] INFO  org.hibernate.cfg.SettingsFactory  - Automatic flush during beforeCompletion(): disabled
2016-12-26 12:19:09,786 -1447 [main] INFO  org.hibernate.cfg.SettingsFactory  - Automatic session close at end of transaction: disabled
2016-12-26 12:19:09,786 -1447 [main] INFO  org.hibernate.cfg.SettingsFactory  - JDBC batch size: 15
2016-12-26 12:19:09,786 -1447 [main] INFO  org.hibernate.cfg.SettingsFactory  - JDBC batch updates for versioned data: disabled
2016-12-26 12:19:09,787 -1448 [main] INFO  org.hibernate.cfg.SettingsFactory  - Scrollable result sets: enabled
2016-12-26 12:19:09,787 -1448 [main] INFO  org.hibernate.cfg.SettingsFactory  - JDBC3 getGeneratedKeys(): enabled
2016-12-26 12:19:09,787 -1448 [main] INFO  org.hibernate.cfg.SettingsFactory  - Connection release mode: auto
2016-12-26 12:19:09,788 -1449 [main] INFO  org.hibernate.cfg.SettingsFactory  - Maximum outer join fetch depth: 2
2016-12-26 12:19:09,788 -1449 [main] INFO  org.hibernate.cfg.SettingsFactory  - Default batch fetch size: 1
2016-12-26 12:19:09,788 -1449 [main] INFO  org.hibernate.cfg.SettingsFactory  - Generate SQL with comments: disabled
2016-12-26 12:19:09,788 -1449 [main] INFO  org.hibernate.cfg.SettingsFactory  - Order SQL updates by primary key: disabled
2016-12-26 12:19:09,788 -1449 [main] INFO  org.hibernate.cfg.SettingsFactory  - Order SQL inserts for batching: disabled
2016-12-26 12:19:09,788 -1449 [main] INFO  org.hibernate.cfg.SettingsFactory  - Query translator: org.hibernate.hql.ast.ASTQueryTranslatorFactory
2016-12-26 12:19:09,789 -1450 [main] INFO  org.hibernate.hql.ast.ASTQueryTranslatorFactory  - Using ASTQueryTranslatorFactory
2016-12-26 12:19:09,789 -1450 [main] INFO  org.hibernate.cfg.SettingsFactory  - Query language substitutions: {}
2016-12-26 12:19:09,790 -1451 [main] INFO  org.hibernate.cfg.SettingsFactory  - JPA-QL strict compliance: disabled
2016-12-26 12:19:09,790 -1451 [main] INFO  org.hibernate.cfg.SettingsFactory  - Second-level cache: enabled
2016-12-26 12:19:09,790 -1451 [main] INFO  org.hibernate.cfg.SettingsFactory  - Query cache: disabled
2016-12-26 12:19:09,790 -1451 [main] INFO  org.hibernate.cfg.SettingsFactory  - Cache region factory : org.hibernate.cache.impl.NoCachingRegionFactory
2016-12-26 12:19:09,790 -1451 [main] INFO  org.hibernate.cfg.SettingsFactory  - Optimize cache for minimal puts: disabled
2016-12-26 12:19:09,790 -1451 [main] INFO  org.hibernate.cfg.SettingsFactory  - Structured second-level cache entries: disabled
2016-12-26 12:19:09,792 -1453 [main] INFO  org.hibernate.cfg.SettingsFactory  - Echoing all SQL to stdout
2016-12-26 12:19:09,793 -1454 [main] INFO  org.hibernate.cfg.SettingsFactory  - Statistics: disabled
2016-12-26 12:19:09,793 -1454 [main] INFO  org.hibernate.cfg.SettingsFactory  - Deleted entity synthetic identifier rollback: disabled
2016-12-26 12:19:09,793 -1454 [main] INFO  org.hibernate.cfg.SettingsFactory  - Default entity-mode: pojo
2016-12-26 12:19:09,793 -1454 [main] INFO  org.hibernate.cfg.SettingsFactory  - Named query checking : enabled
2016-12-26 12:19:09,831 -1492 [main] INFO  org.hibernate.impl.SessionFactoryImpl  - building session factory
2016-12-26 12:19:09,987 -1648 [main] INFO  org.hibernate.impl.SessionFactoryObjectFactory  - Not binding factory to JNDI, no JNDI name configured
